{"C:\\Users\\eligr\\Todo-Task-Manager-Challenge\\src\\assets\\Profil1.jpg": {"path":"C:\\Users\\eligr\\Todo-Task-Manager-Challenge\\src\\assets\\Profil1.jpg","statementMap":{},"fnMap":{},"branchMap":{},"s":{},"f":{},"b":{},"meta":{"lastBranch":0,"lastFunction":0,"lastStatement":0,"seen":{}}}
,"C:\\Users\\eligr\\Todo-Task-Manager-Challenge\\src\\assets\\profile2.jpg": {"path":"C:\\Users\\eligr\\Todo-Task-Manager-Challenge\\src\\assets\\profile2.jpg","statementMap":{},"fnMap":{},"branchMap":{},"s":{},"f":{},"b":{},"meta":{"lastBranch":0,"lastFunction":0,"lastStatement":0,"seen":{}}}
,"C:\\Users\\eligr\\Todo-Task-Manager-Challenge\\src\\assets\\profile3.jpg": {"path":"C:\\Users\\eligr\\Todo-Task-Manager-Challenge\\src\\assets\\profile3.jpg","statementMap":{},"fnMap":{},"branchMap":{},"s":{},"f":{},"b":{},"meta":{"lastBranch":0,"lastFunction":0,"lastStatement":0,"seen":{}}}
,"C:\\Users\\eligr\\Todo-Task-Manager-Challenge\\src\\components\\LanguageSwitcher.tsx": {"path":"C:\\Users\\eligr\\Todo-Task-Manager-Challenge\\src\\components\\LanguageSwitcher.tsx","statementMap":{"0":{"start":{"line":12,"column":16},"end":{"line":12,"column":38}},"1":{"start":{"line":14,"column":20},"end":{"line":16,"column":null}},"2":{"start":{"line":19,"column":26},"end":{"line":19,"column":null}},"3":{"start":{"line":19,"column":51},"end":{"line":19,"column":79}},"4":{"start":{"line":21,"column":8},"end":{"line":22,"column":null}},"5":{"start":{"line":22,"column":4},"end":{"line":22,"column":null}},"6":{"start":{"line":25,"column":2},"end":{"line":53,"column":null}},"7":{"start":{"line":39,"column":10},"end":{"line":50,"column":null}},"8":{"start":{"line":41,"column":27},"end":{"line":41,"column":56}}},"fnMap":{"0":{"name":"LanguageSwitcher","decl":{"start":{"line":11,"column":16},"end":{"line":11,"column":35}},"loc":{"start":{"line":11,"column":35},"end":{"line":53,"column":null}},"line":11},"1":{"name":"(anonymous_1)","decl":{"start":{"line":19,"column":36},"end":{"line":19,"column":42}},"loc":{"start":{"line":19,"column":51},"end":{"line":19,"column":79}},"line":19},"2":{"name":"(anonymous_2)","decl":{"start":{"line":21,"column":8},"end":{"line":21,"column":26}},"loc":{"start":{"line":21,"column":51},"end":{"line":22,"column":null}},"line":21},"3":{"name":"(anonymous_3)","decl":{"start":{"line":38,"column":19},"end":{"line":38,"column":24}},"loc":{"start":{"line":39,"column":10},"end":{"line":50,"column":null}},"line":39},"4":{"name":"(anonymous_4)","decl":{"start":{"line":41,"column":12},"end":{"line":41,"column":27}},"loc":{"start":{"line":41,"column":27},"end":{"line":41,"column":56}},"line":41}},"branchMap":{"0":{"loc":{"start":{"line":19,"column":26},"end":{"line":19,"column":null}},"type":"binary-expr","locations":[{"start":{"line":19,"column":26},"end":{"line":19,"column":79}},{"start":{"line":19,"column":83},"end":{"line":19,"column":null}}],"line":19},"1":{"loc":{"start":{"line":43,"column":14},"end":{"line":45,"column":null}},"type":"cond-expr","locations":[{"start":{"line":44,"column":18},"end":{"line":44,"column":null}},{"start":{"line":45,"column":18},"end":{"line":45,"column":null}}],"line":43}},"s":{"0":9,"1":9,"2":9,"3":9,"4":9,"5":1,"6":9,"7":18,"8":1},"f":{"0":9,"1":9,"2":1,"3":18,"4":1},"b":{"0":[9,0],"1":[9,9]},"meta":{"lastBranch":2,"lastFunction":5,"lastStatement":9,"seen":{"f:11:16:11:35":0,"s:12:16:12:38":0,"s:14:20:16:Infinity":1,"s:19:26:19:Infinity":2,"b:19:26:19:79:19:83:19:Infinity":0,"f:19:36:19:42":1,"s:19:51:19:79":3,"s:21:8:22:Infinity":4,"f:21:8:21:26":2,"s:22:4:22:Infinity":5,"s:25:2:53:Infinity":6,"f:38:19:38:24":3,"s:39:10:50:Infinity":7,"f:41:12:41:27":4,"s:41:27:41:56":8,"b:44:18:44:Infinity:45:18:45:Infinity":1}}}
,"C:\\Users\\eligr\\Todo-Task-Manager-Challenge\\src\\components\\PageHeader.tsx": {"path":"C:\\Users\\eligr\\Todo-Task-Manager-Challenge\\src\\components\\PageHeader.tsx","statementMap":{"0":{"start":{"line":15,"column":8},"end":{"line":15,"column":32}},"1":{"start":{"line":18,"column":19},"end":{"line":18,"column":52}},"2":{"start":{"line":19,"column":22},"end":{"line":19,"column":78}},"3":{"start":{"line":19,"column":46},"end":{"line":19,"column":78}},"4":{"start":{"line":22,"column":23},"end":{"line":22,"column":82}},"5":{"start":{"line":22,"column":50},"end":{"line":22,"column":82}},"6":{"start":{"line":23,"column":23},"end":{"line":23,"column":null}},"7":{"start":{"line":25,"column":2},"end":{"line":95,"column":null}}},"fnMap":{"0":{"name":"PageHeader","decl":{"start":{"line":14,"column":16},"end":{"line":14,"column":29}},"loc":{"start":{"line":14,"column":29},"end":{"line":95,"column":null}},"line":14},"1":{"name":"(anonymous_1)","decl":{"start":{"line":19,"column":31},"end":{"line":19,"column":37}},"loc":{"start":{"line":19,"column":46},"end":{"line":19,"column":78}},"line":19},"2":{"name":"(anonymous_2)","decl":{"start":{"line":22,"column":35},"end":{"line":22,"column":41}},"loc":{"start":{"line":22,"column":50},"end":{"line":22,"column":82}},"line":22}},"branchMap":{"0":{"loc":{"start":{"line":23,"column":23},"end":{"line":23,"column":null}},"type":"cond-expr","locations":[{"start":{"line":23,"column":38},"end":{"line":23,"column":55}},{"start":{"line":23,"column":55},"end":{"line":23,"column":null}}],"line":23},"1":{"loc":{"start":{"line":39,"column":11},"end":{"line":54,"column":null}},"type":"binary-expr","locations":[{"start":{"line":39,"column":11},"end":{"line":39,"column":null}},{"start":{"line":40,"column":12},"end":{"line":54,"column":null}}],"line":39}},"s":{"0":12,"1":12,"2":12,"3":36,"4":12,"5":28,"6":12,"7":12},"f":{"0":12,"1":36,"2":28},"b":{"0":[4,8],"1":[12,5]},"meta":{"lastBranch":2,"lastFunction":3,"lastStatement":8,"seen":{"f:14:16:14:29":0,"s:15:8:15:32":0,"s:18:19:18:52":1,"s:19:22:19:78":2,"f:19:31:19:37":1,"s:19:46:19:78":3,"s:22:23:22:82":4,"f:22:35:22:41":2,"s:22:50:22:82":5,"s:23:23:23:Infinity":6,"b:23:38:23:55:23:55:23:Infinity":0,"s:25:2:95:Infinity":7,"b:39:11:39:Infinity:40:12:54:Infinity":1}}}
,"C:\\Users\\eligr\\Todo-Task-Manager-Challenge\\src\\components\\ThemeToggle.tsx": {"path":"C:\\Users\\eligr\\Todo-Task-Manager-Challenge\\src\\components\\ThemeToggle.tsx","statementMap":{"0":{"start":{"line":6,"column":16},"end":{"line":12,"column":null}},"1":{"start":{"line":7,"column":23},"end":{"line":7,"column":52}},"2":{"start":{"line":8,"column":4},"end":{"line":8,"column":null}},"3":{"start":{"line":8,"column":20},"end":{"line":8,"column":null}},"4":{"start":{"line":10,"column":19},"end":{"line":10,"column":70}},"5":{"start":{"line":11,"column":4},"end":{"line":11,"column":null}},"6":{"start":{"line":14,"column":2},"end":{"line":20,"column":null}},"7":{"start":{"line":15,"column":4},"end":{"line":18,"column":null}},"8":{"start":{"line":16,"column":6},"end":{"line":16,"column":null}},"9":{"start":{"line":18,"column":6},"end":{"line":18,"column":null}},"10":{"start":{"line":22,"column":8},"end":{"line":33,"column":null}},"11":{"start":{"line":23,"column":21},"end":{"line":23,"column":null}},"12":{"start":{"line":25,"column":4},"end":{"line":28,"column":null}},"13":{"start":{"line":26,"column":6},"end":{"line":26,"column":null}},"14":{"start":{"line":28,"column":6},"end":{"line":28,"column":null}},"15":{"start":{"line":31,"column":4},"end":{"line":31,"column":null}},"16":{"start":{"line":33,"column":4},"end":{"line":33,"column":null}},"17":{"start":{"line":36,"column":2},"end":{"line":49,"column":null}}},"fnMap":{"0":{"name":"ThemeToggle","decl":{"start":{"line":5,"column":16},"end":{"line":5,"column":30}},"loc":{"start":{"line":5,"column":30},"end":{"line":49,"column":null}},"line":5},"1":{"name":"(anonymous_1)","decl":{"start":{"line":6,"column":28},"end":{"line":6,"column":61}},"loc":{"start":{"line":6,"column":61},"end":{"line":12,"column":null}},"line":6},"2":{"name":"(anonymous_2)","decl":{"start":{"line":14,"column":2},"end":{"line":14,"column":18}},"loc":{"start":{"line":14,"column":18},"end":{"line":20,"column":6}},"line":14},"3":{"name":"(anonymous_3)","decl":{"start":{"line":22,"column":8},"end":{"line":22,"column":28}},"loc":{"start":{"line":22,"column":28},"end":{"line":33,"column":null}},"line":22}},"branchMap":{"0":{"loc":{"start":{"line":8,"column":4},"end":{"line":8,"column":null}},"type":"if","locations":[{"start":{"line":8,"column":4},"end":{"line":8,"column":null}},{"start":{},"end":{}}],"line":8},"1":{"loc":{"start":{"line":11,"column":11},"end":{"line":11,"column":null}},"type":"cond-expr","locations":[{"start":{"line":11,"column":20},"end":{"line":11,"column":29}},{"start":{"line":11,"column":29},"end":{"line":11,"column":null}}],"line":11},"2":{"loc":{"start":{"line":15,"column":4},"end":{"line":18,"column":null}},"type":"if","locations":[{"start":{"line":15,"column":4},"end":{"line":18,"column":null}},{"start":{"line":17,"column":11},"end":{"line":18,"column":null}}],"line":15},"3":{"loc":{"start":{"line":23,"column":21},"end":{"line":23,"column":null}},"type":"cond-expr","locations":[{"start":{"line":23,"column":41},"end":{"line":23,"column":50}},{"start":{"line":23,"column":50},"end":{"line":23,"column":null}}],"line":23},"4":{"loc":{"start":{"line":25,"column":4},"end":{"line":28,"column":null}},"type":"if","locations":[{"start":{"line":25,"column":4},"end":{"line":28,"column":null}},{"start":{"line":27,"column":11},"end":{"line":28,"column":null}}],"line":25},"5":{"loc":{"start":{"line":44,"column":7},"end":{"line":47,"column":null}},"type":"cond-expr","locations":[{"start":{"line":45,"column":8},"end":{"line":45,"column":null}},{"start":{"line":47,"column":8},"end":{"line":47,"column":null}}],"line":44}},"s":{"0":20,"1":11,"2":11,"3":1,"4":10,"5":10,"6":20,"7":20,"8":8,"9":12,"10":20,"11":9,"12":9,"13":6,"14":3,"15":9,"16":9,"17":20},"f":{"0":20,"1":11,"2":20,"3":9},"b":{"0":[1,10],"1":[1,9],"2":[8,12],"3":[6,3],"4":[6,3],"5":[12,8]},"meta":{"lastBranch":6,"lastFunction":4,"lastStatement":18,"seen":{"f:5:16:5:30":0,"s:6:16:12:Infinity":0,"f:6:28:6:61":1,"s:7:23:7:52":1,"b:8:4:8:Infinity:undefined:undefined:undefined:undefined":0,"s:8:4:8:Infinity":2,"s:8:20:8:Infinity":3,"s:10:19:10:70":4,"s:11:4:11:Infinity":5,"b:11:20:11:29:11:29:11:Infinity":1,"s:14:2:20:Infinity":6,"f:14:2:14:18":2,"b:15:4:18:Infinity:17:11:18:Infinity":2,"s:15:4:18:Infinity":7,"s:16:6:16:Infinity":8,"s:18:6:18:Infinity":9,"s:22:8:33:Infinity":10,"f:22:8:22:28":3,"s:23:21:23:Infinity":11,"b:23:41:23:50:23:50:23:Infinity":3,"b:25:4:28:Infinity:27:11:28:Infinity":4,"s:25:4:28:Infinity":12,"s:26:6:26:Infinity":13,"s:28:6:28:Infinity":14,"s:31:4:31:Infinity":15,"s:33:4:33:Infinity":16,"s:36:2:49:Infinity":17,"b:45:8:45:Infinity:47:8:47:Infinity":5}}}
,"C:\\Users\\eligr\\Todo-Task-Manager-Challenge\\src\\components\\ViewToolbar.tsx": {"path":"C:\\Users\\eligr\\Todo-Task-Manager-Challenge\\src\\components\\ViewToolbar.tsx","statementMap":{"0":{"start":{"line":19,"column":20},"end":{"line":23,"column":null}},"1":{"start":{"line":31,"column":10},"end":{"line":31,"column":32}},"2":{"start":{"line":33,"column":2},"end":{"line":129,"column":null}},"3":{"start":{"line":49,"column":27},"end":{"line":49,"column":49}},"4":{"start":{"line":62,"column":27},"end":{"line":62,"column":47}},"5":{"start":{"line":75,"column":27},"end":{"line":75,"column":51}},"6":{"start":{"line":114,"column":12},"end":{"line":125,"column":null}},"7":{"start":{"line":122,"column":30},"end":{"line":122,"column":35}}},"fnMap":{"0":{"name":"ViewToolbar","decl":{"start":{"line":30,"column":16},"end":{"line":30,"column":28}},"loc":{"start":{"line":30,"column":76},"end":{"line":129,"column":null}},"line":30},"1":{"name":"(anonymous_1)","decl":{"start":{"line":49,"column":12},"end":{"line":49,"column":27}},"loc":{"start":{"line":49,"column":27},"end":{"line":49,"column":49}},"line":49},"2":{"name":"(anonymous_2)","decl":{"start":{"line":62,"column":12},"end":{"line":62,"column":27}},"loc":{"start":{"line":62,"column":27},"end":{"line":62,"column":47}},"line":62},"3":{"name":"(anonymous_3)","decl":{"start":{"line":75,"column":12},"end":{"line":75,"column":27}},"loc":{"start":{"line":75,"column":27},"end":{"line":75,"column":51}},"line":75},"4":{"name":"(anonymous_4)","decl":{"start":{"line":113,"column":23},"end":{"line":113,"column":28}},"loc":{"start":{"line":114,"column":12},"end":{"line":125,"column":null}},"line":114},"5":{"name":"(anonymous_5)","decl":{"start":{"line":122,"column":19},"end":{"line":122,"column":24}},"loc":{"start":{"line":122,"column":30},"end":{"line":122,"column":35}},"line":122}},"branchMap":{"0":{"loc":{"start":{"line":45,"column":14},"end":{"line":47,"column":null}},"type":"cond-expr","locations":[{"start":{"line":46,"column":18},"end":{"line":46,"column":null}},{"start":{"line":47,"column":18},"end":{"line":47,"column":null}}],"line":45},"1":{"loc":{"start":{"line":58,"column":14},"end":{"line":60,"column":null}},"type":"cond-expr","locations":[{"start":{"line":59,"column":18},"end":{"line":59,"column":null}},{"start":{"line":60,"column":18},"end":{"line":60,"column":null}}],"line":58},"2":{"loc":{"start":{"line":71,"column":14},"end":{"line":73,"column":null}},"type":"cond-expr","locations":[{"start":{"line":72,"column":18},"end":{"line":72,"column":null}},{"start":{"line":73,"column":18},"end":{"line":73,"column":null}}],"line":71}},"s":{"0":1,"1":17,"2":17,"3":2,"4":2,"5":2,"6":51,"7":102},"f":{"0":17,"1":2,"2":2,"3":2,"4":51,"5":102},"b":{"0":[15,2],"1":[2,15],"2":[0,17]},"meta":{"lastBranch":3,"lastFunction":6,"lastStatement":8,"seen":{"s:19:20:23:Infinity":0,"f:30:16:30:28":0,"s:31:10:31:32":1,"s:33:2:129:Infinity":2,"b:46:18:46:Infinity:47:18:47:Infinity":0,"f:49:12:49:27":1,"s:49:27:49:49":3,"b:59:18:59:Infinity:60:18:60:Infinity":1,"f:62:12:62:27":2,"s:62:27:62:47":4,"b:72:18:72:Infinity:73:18:73:Infinity":2,"f:75:12:75:27":3,"s:75:27:75:51":5,"f:113:23:113:28":4,"s:114:12:125:Infinity":6,"f:122:19:122:24":5,"s:122:30:122:35":7}}}
,"C:\\Users\\eligr\\Todo-Task-Manager-Challenge\\src\\components\\calendar\\TaskCard.tsx": {"path":"C:\\Users\\eligr\\Todo-Task-Manager-Challenge\\src\\components\\calendar\\TaskCard.tsx","statementMap":{"0":{"start":{"line":21,"column":10},"end":{"line":21,"column":32}},"1":{"start":{"line":22,"column":20},"end":{"line":22,"column":null}},"2":{"start":{"line":23,"column":17},"end":{"line":23,"column":null}},"3":{"start":{"line":25,"column":2},"end":{"line":111,"column":null}},"4":{"start":{"line":57,"column":32},"end":{"line":57,"column":51}},"5":{"start":{"line":66,"column":18},"end":{"line":66,"column":null}},"6":{"start":{"line":67,"column":18},"end":{"line":67,"column":null}},"7":{"start":{"line":74,"column":18},"end":{"line":74,"column":null}},"8":{"start":{"line":75,"column":18},"end":{"line":75,"column":null}},"9":{"start":{"line":82,"column":18},"end":{"line":82,"column":null}},"10":{"start":{"line":83,"column":18},"end":{"line":83,"column":null}}},"fnMap":{"0":{"name":"TaskCard","decl":{"start":{"line":20,"column":16},"end":{"line":20,"column":25}},"loc":{"start":{"line":20,"column":81},"end":{"line":111,"column":null}},"line":20},"1":{"name":"(anonymous_1)","decl":{"start":{"line":57,"column":16},"end":{"line":57,"column":26}},"loc":{"start":{"line":57,"column":32},"end":{"line":57,"column":51}},"line":57},"2":{"name":"(anonymous_2)","decl":{"start":{"line":65,"column":16},"end":{"line":65,"column":26}},"loc":{"start":{"line":65,"column":32},"end":{"line":67,"column":null}},"line":65},"3":{"name":"(anonymous_3)","decl":{"start":{"line":73,"column":16},"end":{"line":73,"column":26}},"loc":{"start":{"line":73,"column":32},"end":{"line":75,"column":null}},"line":73},"4":{"name":"(anonymous_4)","decl":{"start":{"line":81,"column":16},"end":{"line":81,"column":26}},"loc":{"start":{"line":81,"column":32},"end":{"line":83,"column":null}},"line":81}},"branchMap":{"0":{"loc":{"start":{"line":22,"column":20},"end":{"line":22,"column":null}},"type":"binary-expr","locations":[{"start":{"line":22,"column":20},"end":{"line":22,"column":37}},{"start":{"line":22,"column":37},"end":{"line":22,"column":null}}],"line":22},"1":{"loc":{"start":{"line":42,"column":13},"end":{"line":47,"column":18}},"type":"cond-expr","locations":[{"start":{"line":43,"column":16},"end":{"line":43,"column":38}},{"start":{"line":44,"column":16},"end":{"line":47,"column":18}}],"line":42},"2":{"loc":{"start":{"line":106,"column":11},"end":{"line":106,"column":null}},"type":"binary-expr","locations":[{"start":{"line":106,"column":11},"end":{"line":106,"column":31}},{"start":{"line":106,"column":31},"end":{"line":106,"column":null}}],"line":106}},"s":{"0":19,"1":19,"2":19,"3":19,"4":5,"5":1,"6":1,"7":1,"8":1,"9":1,"10":1},"f":{"0":19,"1":5,"2":1,"3":1,"4":1},"b":{"0":[19,0],"1":[19,0],"2":[19,0]},"meta":{"lastBranch":3,"lastFunction":5,"lastStatement":11,"seen":{"f:20:16:20:25":0,"s:21:10:21:32":0,"s:22:20:22:Infinity":1,"b:22:20:22:37:22:37:22:Infinity":0,"s:23:17:23:Infinity":2,"s:25:2:111:Infinity":3,"b:43:16:43:38:44:16:47:18":1,"f:57:16:57:26":1,"s:57:32:57:51":4,"f:65:16:65:26":2,"s:66:18:66:Infinity":5,"s:67:18:67:Infinity":6,"f:73:16:73:26":3,"s:74:18:74:Infinity":7,"s:75:18:75:Infinity":8,"f:81:16:81:26":4,"s:82:18:82:Infinity":9,"s:83:18:83:Infinity":10,"b:106:11:106:31:106:31:106:Infinity":2}}}
,"C:\\Users\\eligr\\Todo-Task-Manager-Challenge\\src\\components\\calendar\\calendar.constants.ts": {"path":"C:\\Users\\eligr\\Todo-Task-Manager-Challenge\\src\\components\\calendar\\calendar.constants.ts","statementMap":{"0":{"start":{"line":6,"column":25},"end":{"line":10,"column":null}},"1":{"start":{"line":12,"column":97},"end":{"line":28,"column":null}},"2":{"start":{"line":30,"column":32},"end":{"line":36,"column":null}}},"fnMap":{},"branchMap":{},"s":{"0":1,"1":1,"2":1},"f":{},"b":{},"meta":{"lastBranch":0,"lastFunction":0,"lastStatement":3,"seen":{"s:6:25:10:Infinity":0,"s:12:97:28:Infinity":1,"s:30:32:36:Infinity":2}}}
,"C:\\Users\\eligr\\Todo-Task-Manager-Challenge\\src\\components\\calendar\\calendar.utils.ts": {"path":"C:\\Users\\eligr\\Todo-Task-Manager-Challenge\\src\\components\\calendar\\calendar.utils.ts","statementMap":{"0":{"start":{"line":4,"column":12},"end":{"line":4,"column":26}},"1":{"start":{"line":5,"column":14},"end":{"line":5,"column":24}},"2":{"start":{"line":6,"column":15},"end":{"line":6,"column":null}},"3":{"start":{"line":7,"column":2},"end":{"line":7,"column":null}},"4":{"start":{"line":11,"column":2},"end":{"line":11,"column":null}},"5":{"start":{"line":15,"column":2},"end":{"line":15,"column":null}},"6":{"start":{"line":22,"column":15},"end":{"line":22,"column":null}},"7":{"start":{"line":23,"column":15},"end":{"line":23,"column":null}},"8":{"start":{"line":24,"column":2},"end":{"line":24,"column":null}}},"fnMap":{"0":{"name":"getWeekStart","decl":{"start":{"line":3,"column":16},"end":{"line":3,"column":29}},"loc":{"start":{"line":3,"column":47},"end":{"line":7,"column":null}},"line":3},"1":{"name":"formatMonthYear","decl":{"start":{"line":10,"column":16},"end":{"line":10,"column":32}},"loc":{"start":{"line":10,"column":52},"end":{"line":11,"column":null}},"line":10},"2":{"name":"formatDayName","decl":{"start":{"line":14,"column":16},"end":{"line":14,"column":30}},"loc":{"start":{"line":14,"column":50},"end":{"line":15,"column":null}},"line":14},"3":{"name":"tasksOverlap","decl":{"start":{"line":18,"column":16},"end":{"line":18,"column":null}},"loc":{"start":{"line":21,"column":11},"end":{"line":24,"column":null}},"line":21}},"branchMap":{"0":{"loc":{"start":{"line":6,"column":36},"end":{"line":6,"column":null}},"type":"cond-expr","locations":[{"start":{"line":6,"column":48},"end":{"line":6,"column":53}},{"start":{"line":6,"column":53},"end":{"line":6,"column":null}}],"line":6},"1":{"loc":{"start":{"line":24,"column":11},"end":{"line":24,"column":null}},"type":"binary-expr","locations":[{"start":{"line":24,"column":11},"end":{"line":24,"column":37}},{"start":{"line":24,"column":37},"end":{"line":24,"column":null}}],"line":24}},"s":{"0":6,"1":6,"2":6,"3":6,"4":4,"5":7,"6":13,"7":13,"8":13},"f":{"0":6,"1":4,"2":7,"3":13},"b":{"0":[1,5],"1":[13,9]},"meta":{"lastBranch":2,"lastFunction":4,"lastStatement":9,"seen":{"f:3:16:3:29":0,"s:4:12:4:26":0,"s:5:14:5:24":1,"s:6:15:6:Infinity":2,"b:6:48:6:53:6:53:6:Infinity":0,"s:7:2:7:Infinity":3,"f:10:16:10:32":1,"s:11:2:11:Infinity":4,"f:14:16:14:30":2,"s:15:2:15:Infinity":5,"f:18:16:18:Infinity":3,"s:22:15:22:Infinity":6,"s:23:15:23:Infinity":7,"s:24:2:24:Infinity":8,"b:24:11:24:37:24:37:24:Infinity":1}}}
,"C:\\Users\\eligr\\Todo-Task-Manager-Challenge\\src\\components\\kanban\\KanbanCard.tsx": {"path":"C:\\Users\\eligr\\Todo-Task-Manager-Challenge\\src\\components\\kanban\\KanbanCard.tsx","statementMap":{"0":{"start":{"line":31,"column":10},"end":{"line":31,"column":32}},"1":{"start":{"line":33,"column":2},"end":{"line":170,"column":null}},"2":{"start":{"line":36,"column":21},"end":{"line":36,"column":35}},"3":{"start":{"line":74,"column":16},"end":{"line":81,"column":null}},"4":{"start":{"line":108,"column":14},"end":{"line":119,"column":null}},"5":{"start":{"line":116,"column":32},"end":{"line":116,"column":37}},"6":{"start":{"line":131,"column":28},"end":{"line":131,"column":47}},"7":{"start":{"line":139,"column":14},"end":{"line":139,"column":null}},"8":{"start":{"line":140,"column":14},"end":{"line":140,"column":null}},"9":{"start":{"line":149,"column":14},"end":{"line":149,"column":null}},"10":{"start":{"line":150,"column":14},"end":{"line":150,"column":null}},"11":{"start":{"line":160,"column":14},"end":{"line":160,"column":null}},"12":{"start":{"line":161,"column":14},"end":{"line":161,"column":null}}},"fnMap":{"0":{"name":"KanbanCard","decl":{"start":{"line":30,"column":16},"end":{"line":30,"column":27}},"loc":{"start":{"line":30,"column":85},"end":{"line":170,"column":null}},"line":30},"1":{"name":"(anonymous_1)","decl":{"start":{"line":36,"column":6},"end":{"line":36,"column":21}},"loc":{"start":{"line":36,"column":21},"end":{"line":36,"column":35}},"line":36},"2":{"name":"(anonymous_2)","decl":{"start":{"line":73,"column":68},"end":{"line":73,"column":73}},"loc":{"start":{"line":74,"column":16},"end":{"line":81,"column":null}},"line":74},"3":{"name":"(anonymous_3)","decl":{"start":{"line":107,"column":44},"end":{"line":107,"column":49}},"loc":{"start":{"line":108,"column":14},"end":{"line":119,"column":null}},"line":108},"4":{"name":"(anonymous_4)","decl":{"start":{"line":116,"column":21},"end":{"line":116,"column":26}},"loc":{"start":{"line":116,"column":32},"end":{"line":116,"column":37}},"line":116},"5":{"name":"(anonymous_5)","decl":{"start":{"line":131,"column":12},"end":{"line":131,"column":22}},"loc":{"start":{"line":131,"column":28},"end":{"line":131,"column":47}},"line":131},"6":{"name":"(anonymous_6)","decl":{"start":{"line":138,"column":12},"end":{"line":138,"column":22}},"loc":{"start":{"line":138,"column":28},"end":{"line":140,"column":null}},"line":138},"7":{"name":"(anonymous_7)","decl":{"start":{"line":148,"column":12},"end":{"line":148,"column":22}},"loc":{"start":{"line":148,"column":28},"end":{"line":150,"column":null}},"line":148},"8":{"name":"(anonymous_8)","decl":{"start":{"line":159,"column":12},"end":{"line":159,"column":22}},"loc":{"start":{"line":159,"column":28},"end":{"line":161,"column":null}},"line":159}},"branchMap":{"0":{"loc":{"start":{"line":38,"column":7},"end":{"line":44,"column":null}},"type":"binary-expr","locations":[{"start":{"line":38,"column":7},"end":{"line":38,"column":null}},{"start":{"line":39,"column":8},"end":{"line":44,"column":null}}],"line":38},"1":{"loc":{"start":{"line":51,"column":7},"end":{"line":54,"column":null}},"type":"binary-expr","locations":[{"start":{"line":51,"column":7},"end":{"line":51,"column":null}},{"start":{"line":52,"column":8},"end":{"line":54,"column":null}}],"line":51},"2":{"loc":{"start":{"line":57,"column":7},"end":{"line":84,"column":null}},"type":"binary-expr","locations":[{"start":{"line":57,"column":7},"end":{"line":57,"column":null}},{"start":{"line":58,"column":8},"end":{"line":84,"column":null}}],"line":57},"3":{"loc":{"start":{"line":79,"column":22},"end":{"line":79,"column":null}},"type":"cond-expr","locations":[{"start":{"line":79,"column":66},"end":{"line":79,"column":78}},{"start":{"line":79,"column":78},"end":{"line":79,"column":null}}],"line":79},"4":{"loc":{"start":{"line":91,"column":11},"end":{"line":95,"column":null}},"type":"binary-expr","locations":[{"start":{"line":91,"column":11},"end":{"line":91,"column":47}},{"start":{"line":91,"column":47},"end":{"line":91,"column":null}},{"start":{"line":92,"column":12},"end":{"line":95,"column":null}}],"line":91},"5":{"loc":{"start":{"line":97,"column":11},"end":{"line":101,"column":null}},"type":"binary-expr","locations":[{"start":{"line":97,"column":11},"end":{"line":97,"column":50}},{"start":{"line":97,"column":50},"end":{"line":97,"column":null}},{"start":{"line":98,"column":12},"end":{"line":101,"column":null}}],"line":97},"6":{"loc":{"start":{"line":105,"column":9},"end":{"line":121,"column":null}},"type":"binary-expr","locations":[{"start":{"line":105,"column":9},"end":{"line":105,"column":31}},{"start":{"line":105,"column":31},"end":{"line":105,"column":null}},{"start":{"line":106,"column":10},"end":{"line":121,"column":null}}],"line":105}},"s":{"0":22,"1":22,"2":1,"3":10,"4":8,"5":16,"6":4,"7":1,"8":1,"9":1,"10":1,"11":1,"12":1},"f":{"0":22,"1":1,"2":10,"3":8,"4":16,"5":4,"6":1,"7":1,"8":1},"b":{"0":[22,22],"1":[22,21],"2":[22,2],"3":[6,4],"4":[22,4,4],"5":[22,4,4],"6":[22,4,4]},"meta":{"lastBranch":7,"lastFunction":9,"lastStatement":13,"seen":{"f:30:16:30:27":0,"s:31:10:31:32":0,"s:33:2:170:Infinity":1,"f:36:6:36:21":1,"s:36:21:36:35":2,"b:38:7:38:Infinity:39:8:44:Infinity":0,"b:51:7:51:Infinity:52:8:54:Infinity":1,"b:57:7:57:Infinity:58:8:84:Infinity":2,"f:73:68:73:73":2,"s:74:16:81:Infinity":3,"b:79:66:79:78:79:78:79:Infinity":3,"b:91:11:91:47:91:47:91:Infinity:92:12:95:Infinity":4,"b:97:11:97:50:97:50:97:Infinity:98:12:101:Infinity":5,"b:105:9:105:31:105:31:105:Infinity:106:10:121:Infinity":6,"f:107:44:107:49":3,"s:108:14:119:Infinity":4,"f:116:21:116:26":4,"s:116:32:116:37":5,"f:131:12:131:22":5,"s:131:28:131:47":6,"f:138:12:138:22":6,"s:139:14:139:Infinity":7,"s:140:14:140:Infinity":8,"f:148:12:148:22":7,"s:149:14:149:Infinity":9,"s:150:14:150:Infinity":10,"f:159:12:159:22":8,"s:160:14:160:Infinity":11,"s:161:14:161:Infinity":12}}}
,"C:\\Users\\eligr\\Todo-Task-Manager-Challenge\\src\\components\\ui\\avatar.tsx": {"path":"C:\\Users\\eligr\\Todo-Task-Manager-Challenge\\src\\components\\ui\\avatar.tsx","statementMap":{"0":{"start":{"line":13,"column":2},"end":{"line":22,"column":null}},"1":{"start":{"line":30,"column":2},"end":{"line":35,"column":null}},"2":{"start":{"line":43,"column":2},"end":{"line":51,"column":null}},"3":{"start":{"line":56,"column":2},"end":{"line":67,"column":null}},"4":{"start":{"line":72,"column":2},"end":{"line":80,"column":null}},"5":{"start":{"line":88,"column":2},"end":{"line":96,"column":null}}},"fnMap":{"0":{"name":"Avatar","decl":{"start":{"line":6,"column":9},"end":{"line":6,"column":16}},"loc":{"start":{"line":12,"column":3},"end":{"line":22,"column":null}},"line":12},"1":{"name":"AvatarImage","decl":{"start":{"line":26,"column":9},"end":{"line":26,"column":21}},"loc":{"start":{"line":29,"column":55},"end":{"line":35,"column":null}},"line":29},"2":{"name":"AvatarFallback","decl":{"start":{"line":39,"column":9},"end":{"line":39,"column":24}},"loc":{"start":{"line":42,"column":58},"end":{"line":51,"column":null}},"line":42},"3":{"name":"AvatarBadge","decl":{"start":{"line":55,"column":9},"end":{"line":55,"column":21}},"loc":{"start":{"line":55,"column":76},"end":{"line":67,"column":null}},"line":55},"4":{"name":"AvatarGroup","decl":{"start":{"line":71,"column":9},"end":{"line":71,"column":21}},"loc":{"start":{"line":71,"column":75},"end":{"line":80,"column":null}},"line":71},"5":{"name":"AvatarGroupCount","decl":{"start":{"line":84,"column":9},"end":{"line":84,"column":26}},"loc":{"start":{"line":87,"column":32},"end":{"line":96,"column":null}},"line":87}},"branchMap":{"0":{"loc":{"start":{"line":8,"column":2},"end":{"line":8,"column":null}},"type":"default-arg","locations":[{"start":{"line":8,"column":9},"end":{"line":8,"column":null}}],"line":8}},"s":{"0":59,"1":59,"2":59,"3":0,"4":0,"5":0},"f":{"0":59,"1":59,"2":59,"3":0,"4":0,"5":0},"b":{"0":[59]},"meta":{"lastBranch":1,"lastFunction":6,"lastStatement":6,"seen":{"f:6:9:6:16":0,"b:8:9:8:Infinity":0,"s:13:2:22:Infinity":0,"f:26:9:26:21":1,"s:30:2:35:Infinity":1,"f:39:9:39:24":2,"s:43:2:51:Infinity":2,"f:55:9:55:21":3,"s:56:2:67:Infinity":3,"f:71:9:71:21":4,"s:72:2:80:Infinity":4,"f:84:9:84:26":5,"s:88:2:96:Infinity":5}}}
,"C:\\Users\\eligr\\Todo-Task-Manager-Challenge\\src\\components\\ui\\breadcrumb.tsx": {"path":"C:\\Users\\eligr\\Todo-Task-Manager-Challenge\\src\\components\\ui\\breadcrumb.tsx","statementMap":{"0":{"start":{"line":8,"column":2},"end":{"line":8,"column":null}},"1":{"start":{"line":12,"column":2},"end":{"line":20,"column":null}},"2":{"start":{"line":25,"column":2},"end":{"line":30,"column":null}},"3":{"start":{"line":41,"column":15},"end":{"line":41,"column":null}},"4":{"start":{"line":43,"column":2},"end":{"line":48,"column":null}},"5":{"start":{"line":53,"column":2},"end":{"line":61,"column":null}},"6":{"start":{"line":70,"column":2},"end":{"line":79,"column":null}},"7":{"start":{"line":87,"column":2},"end":{"line":97,"column":null}}},"fnMap":{"0":{"name":"Breadcrumb","decl":{"start":{"line":7,"column":9},"end":{"line":7,"column":20}},"loc":{"start":{"line":7,"column":63},"end":{"line":8,"column":null}},"line":7},"1":{"name":"BreadcrumbList","decl":{"start":{"line":11,"column":9},"end":{"line":11,"column":24}},"loc":{"start":{"line":11,"column":77},"end":{"line":20,"column":null}},"line":11},"2":{"name":"BreadcrumbItem","decl":{"start":{"line":24,"column":9},"end":{"line":24,"column":24}},"loc":{"start":{"line":24,"column":77},"end":{"line":30,"column":null}},"line":24},"3":{"name":"BreadcrumbLink","decl":{"start":{"line":34,"column":9},"end":{"line":34,"column":24}},"loc":{"start":{"line":40,"column":3},"end":{"line":48,"column":null}},"line":40},"4":{"name":"BreadcrumbPage","decl":{"start":{"line":52,"column":9},"end":{"line":52,"column":24}},"loc":{"start":{"line":52,"column":79},"end":{"line":61,"column":null}},"line":52},"5":{"name":"BreadcrumbSeparator","decl":{"start":{"line":65,"column":9},"end":{"line":65,"column":29}},"loc":{"start":{"line":69,"column":31},"end":{"line":79,"column":null}},"line":69},"6":{"name":"BreadcrumbEllipsis","decl":{"start":{"line":83,"column":9},"end":{"line":83,"column":28}},"loc":{"start":{"line":86,"column":33},"end":{"line":97,"column":null}},"line":86}},"branchMap":{"0":{"loc":{"start":{"line":41,"column":15},"end":{"line":41,"column":null}},"type":"cond-expr","locations":[{"start":{"line":41,"column":25},"end":{"line":41,"column":37}},{"start":{"line":41,"column":37},"end":{"line":41,"column":null}}],"line":41},"1":{"loc":{"start":{"line":78,"column":7},"end":{"line":78,"column":null}},"type":"binary-expr","locations":[{"start":{"line":78,"column":7},"end":{"line":78,"column":19}},{"start":{"line":78,"column":19},"end":{"line":78,"column":null}}],"line":78}},"s":{"0":5,"1":5,"2":10,"3":5,"4":5,"5":5,"6":5,"7":0},"f":{"0":5,"1":5,"2":10,"3":5,"4":5,"5":5,"6":0},"b":{"0":[0,5],"1":[5,5]},"meta":{"lastBranch":2,"lastFunction":7,"lastStatement":8,"seen":{"f:7:9:7:20":0,"s:8:2:8:Infinity":0,"f:11:9:11:24":1,"s:12:2:20:Infinity":1,"f:24:9:24:24":2,"s:25:2:30:Infinity":2,"f:34:9:34:24":3,"s:41:15:41:Infinity":3,"b:41:25:41:37:41:37:41:Infinity":0,"s:43:2:48:Infinity":4,"f:52:9:52:24":4,"s:53:2:61:Infinity":5,"f:65:9:65:29":5,"s:70:2:79:Infinity":6,"b:78:7:78:19:78:19:78:Infinity":1,"f:83:9:83:28":6,"s:87:2:97:Infinity":7}}}
,"C:\\Users\\eligr\\Todo-Task-Manager-Challenge\\src\\components\\ui\\button.tsx": {"path":"C:\\Users\\eligr\\Todo-Task-Manager-Challenge\\src\\components\\ui\\button.tsx","statementMap":{"0":{"start":{"line":7,"column":6},"end":{"line":36,"column":null}},"1":{"start":{"line":49,"column":15},"end":{"line":49,"column":null}},"2":{"start":{"line":51,"column":2},"end":{"line":58,"column":null}}},"fnMap":{"0":{"name":"Button","decl":{"start":{"line":39,"column":9},"end":{"line":39,"column":16}},"loc":{"start":{"line":48,"column":5},"end":{"line":58,"column":null}},"line":48}},"branchMap":{"0":{"loc":{"start":{"line":41,"column":2},"end":{"line":41,"column":null}},"type":"default-arg","locations":[{"start":{"line":41,"column":12},"end":{"line":41,"column":null}}],"line":41},"1":{"loc":{"start":{"line":42,"column":2},"end":{"line":42,"column":null}},"type":"default-arg","locations":[{"start":{"line":42,"column":9},"end":{"line":42,"column":null}}],"line":42},"2":{"loc":{"start":{"line":43,"column":2},"end":{"line":43,"column":null}},"type":"default-arg","locations":[{"start":{"line":43,"column":12},"end":{"line":43,"column":null}}],"line":43},"3":{"loc":{"start":{"line":49,"column":15},"end":{"line":49,"column":null}},"type":"cond-expr","locations":[{"start":{"line":49,"column":25},"end":{"line":49,"column":37}},{"start":{"line":49,"column":37},"end":{"line":49,"column":null}}],"line":49}},"s":{"0":6,"1":278,"2":278},"f":{"0":278},"b":{"0":[278],"1":[278],"2":[278],"3":[0,278]},"meta":{"lastBranch":4,"lastFunction":1,"lastStatement":3,"seen":{"s:7:6:36:Infinity":0,"f:39:9:39:16":0,"b:41:12:41:Infinity":0,"b:42:9:42:Infinity":1,"b:43:12:43:Infinity":2,"s:49:15:49:Infinity":1,"b:49:25:49:37:49:37:49:Infinity":3,"s:51:2:58:Infinity":2}}}
,"C:\\Users\\eligr\\Todo-Task-Manager-Challenge\\src\\components\\ui\\checkbox.tsx": {"path":"C:\\Users\\eligr\\Todo-Task-Manager-Challenge\\src\\components\\ui\\checkbox.tsx","statementMap":{"0":{"start":{"line":7,"column":17},"end":{"line":22,"column":null}},"1":{"start":{"line":11,"column":2},"end":{"line":22,"column":null}},"2":{"start":{"line":24,"column":0},"end":{"line":24,"column":null}}},"fnMap":{"0":{"name":"(anonymous_0)","decl":{"start":{"line":7,"column":23},"end":{"line":7,"column":null}},"loc":{"start":{"line":11,"column":2},"end":{"line":22,"column":null}},"line":11}},"branchMap":{},"s":{"0":1,"1":16,"2":1},"f":{"0":16},"b":{},"meta":{"lastBranch":0,"lastFunction":1,"lastStatement":3,"seen":{"s:7:17:22:Infinity":0,"f:7:23:7:Infinity":0,"s:11:2:22:Infinity":1,"s:24:0:24:Infinity":2}}}
,"C:\\Users\\eligr\\Todo-Task-Manager-Challenge\\src\\components\\ui\\dropdown-menu.tsx": {"path":"C:\\Users\\eligr\\Todo-Task-Manager-Challenge\\src\\components\\ui\\dropdown-menu.tsx","statementMap":{"0":{"start":{"line":8,"column":2},"end":{"line":8,"column":null}},"1":{"start":{"line":14,"column":2},"end":{"line":14,"column":null}},"2":{"start":{"line":20,"column":2},"end":{"line":20,"column":null}},"3":{"start":{"line":28,"column":2},"end":{"line":39,"column":null}},"4":{"start":{"line":44,"column":2},"end":{"line":44,"column":null}},"5":{"start":{"line":56,"column":2},"end":{"line":66,"column":null}},"6":{"start":{"line":76,"column":2},"end":{"line":92,"column":null}},"7":{"start":{"line":99,"column":2},"end":{"line":99,"column":null}},"8":{"start":{"line":107,"column":2},"end":{"line":122,"column":null}},"9":{"start":{"line":133,"column":2},"end":{"line":139,"column":null}},"10":{"start":{"line":147,"column":2},"end":{"line":152,"column":null}},"11":{"start":{"line":157,"column":2},"end":{"line":162,"column":null}},"12":{"start":{"line":167,"column":2},"end":{"line":167,"column":null}},"13":{"start":{"line":178,"column":2},"end":{"line":190,"column":null}},"14":{"start":{"line":198,"column":2},"end":{"line":206,"column":null}}},"fnMap":{"0":{"name":"DropdownMenu","decl":{"start":{"line":7,"column":9},"end":{"line":7,"column":22}},"loc":{"start":{"line":7,"column":93},"end":{"line":8,"column":null}},"line":7},"1":{"name":"DropdownMenuPortal","decl":{"start":{"line":11,"column":9},"end":{"line":11,"column":28}},"loc":{"start":{"line":13,"column":62},"end":{"line":14,"column":null}},"line":13},"2":{"name":"DropdownMenuTrigger","decl":{"start":{"line":17,"column":9},"end":{"line":17,"column":29}},"loc":{"start":{"line":19,"column":63},"end":{"line":20,"column":null}},"line":19},"3":{"name":"DropdownMenuContent","decl":{"start":{"line":23,"column":9},"end":{"line":23,"column":29}},"loc":{"start":{"line":27,"column":63},"end":{"line":39,"column":null}},"line":27},"4":{"name":"DropdownMenuGroup","decl":{"start":{"line":43,"column":9},"end":{"line":43,"column":27}},"loc":{"start":{"line":43,"column":99},"end":{"line":44,"column":null}},"line":43},"5":{"name":"DropdownMenuItem","decl":{"start":{"line":47,"column":9},"end":{"line":47,"column":26}},"loc":{"start":{"line":55,"column":3},"end":{"line":66,"column":null}},"line":55},"6":{"name":"DropdownMenuCheckboxItem","decl":{"start":{"line":70,"column":9},"end":{"line":70,"column":34}},"loc":{"start":{"line":75,"column":68},"end":{"line":92,"column":null}},"line":75},"7":{"name":"DropdownMenuRadioGroup","decl":{"start":{"line":96,"column":9},"end":{"line":96,"column":32}},"loc":{"start":{"line":98,"column":66},"end":{"line":99,"column":null}},"line":98},"8":{"name":"DropdownMenuRadioItem","decl":{"start":{"line":102,"column":9},"end":{"line":102,"column":31}},"loc":{"start":{"line":106,"column":65},"end":{"line":122,"column":null}},"line":106},"9":{"name":"DropdownMenuLabel","decl":{"start":{"line":126,"column":9},"end":{"line":126,"column":27}},"loc":{"start":{"line":132,"column":3},"end":{"line":139,"column":null}},"line":132},"10":{"name":"DropdownMenuSeparator","decl":{"start":{"line":143,"column":9},"end":{"line":143,"column":31}},"loc":{"start":{"line":146,"column":65},"end":{"line":152,"column":null}},"line":146},"11":{"name":"DropdownMenuShortcut","decl":{"start":{"line":156,"column":9},"end":{"line":156,"column":30}},"loc":{"start":{"line":156,"column":85},"end":{"line":162,"column":null}},"line":156},"12":{"name":"DropdownMenuSub","decl":{"start":{"line":166,"column":9},"end":{"line":166,"column":25}},"loc":{"start":{"line":166,"column":95},"end":{"line":167,"column":null}},"line":166},"13":{"name":"DropdownMenuSubTrigger","decl":{"start":{"line":170,"column":9},"end":{"line":170,"column":32}},"loc":{"start":{"line":177,"column":3},"end":{"line":190,"column":null}},"line":177},"14":{"name":"DropdownMenuSubContent","decl":{"start":{"line":194,"column":9},"end":{"line":194,"column":32}},"loc":{"start":{"line":197,"column":66},"end":{"line":206,"column":null}},"line":197}},"branchMap":{"0":{"loc":{"start":{"line":25,"column":2},"end":{"line":25,"column":null}},"type":"default-arg","locations":[{"start":{"line":25,"column":15},"end":{"line":25,"column":null}}],"line":25},"1":{"loc":{"start":{"line":50,"column":2},"end":{"line":50,"column":null}},"type":"default-arg","locations":[{"start":{"line":50,"column":12},"end":{"line":50,"column":null}}],"line":50}},"s":{"0":50,"1":0,"2":50,"3":50,"4":0,"5":35,"6":0,"7":0,"8":0,"9":0,"10":4,"11":0,"12":0,"13":0,"14":0},"f":{"0":50,"1":0,"2":50,"3":50,"4":0,"5":35,"6":0,"7":0,"8":0,"9":0,"10":4,"11":0,"12":0,"13":0,"14":0},"b":{"0":[50],"1":[35]},"meta":{"lastBranch":2,"lastFunction":15,"lastStatement":15,"seen":{"f:7:9:7:22":0,"s:8:2:8:Infinity":0,"f:11:9:11:28":1,"s:14:2:14:Infinity":1,"f:17:9:17:29":2,"s:20:2:20:Infinity":2,"f:23:9:23:29":3,"b:25:15:25:Infinity":0,"s:28:2:39:Infinity":3,"f:43:9:43:27":4,"s:44:2:44:Infinity":4,"f:47:9:47:26":5,"b:50:12:50:Infinity":1,"s:56:2:66:Infinity":5,"f:70:9:70:34":6,"s:76:2:92:Infinity":6,"f:96:9:96:32":7,"s:99:2:99:Infinity":7,"f:102:9:102:31":8,"s:107:2:122:Infinity":8,"f:126:9:126:27":9,"s:133:2:139:Infinity":9,"f:143:9:143:31":10,"s:147:2:152:Infinity":10,"f:156:9:156:30":11,"s:157:2:162:Infinity":11,"f:166:9:166:25":12,"s:167:2:167:Infinity":12,"f:170:9:170:32":13,"s:178:2:190:Infinity":13,"f:194:9:194:32":14,"s:198:2:206:Infinity":14}}}
,"C:\\Users\\eligr\\Todo-Task-Manager-Challenge\\src\\components\\ui\\input.tsx": {"path":"C:\\Users\\eligr\\Todo-Task-Manager-Challenge\\src\\components\\ui\\input.tsx","statementMap":{"0":{"start":{"line":6,"column":2},"end":{"line":17,"column":null}}},"fnMap":{"0":{"name":"Input","decl":{"start":{"line":5,"column":9},"end":{"line":5,"column":15}},"loc":{"start":{"line":5,"column":77},"end":{"line":17,"column":null}},"line":5}},"branchMap":{},"s":{"0":40},"f":{"0":40},"b":{},"meta":{"lastBranch":0,"lastFunction":1,"lastStatement":1,"seen":{"f:5:9:5:15":0,"s:6:2:17:Infinity":0}}}
,"C:\\Users\\eligr\\Todo-Task-Manager-Challenge\\src\\lib\\utils\\index.ts": {"path":"C:\\Users\\eligr\\Todo-Task-Manager-Challenge\\src\\lib\\utils\\index.ts","statementMap":{"0":{"start":{"line":5,"column":2},"end":{"line":5,"column":null}}},"fnMap":{"0":{"name":"cn","decl":{"start":{"line":4,"column":16},"end":{"line":4,"column":19}},"loc":{"start":{"line":4,"column":44},"end":{"line":5,"column":null}},"line":4}},"branchMap":{},"s":{"0":656},"f":{"0":656},"b":{},"meta":{"lastBranch":0,"lastFunction":1,"lastStatement":1,"seen":{"f:4:16:4:19":0,"s:5:2:5:Infinity":0}}}
,"C:\\Users\\eligr\\Todo-Task-Manager-Challenge\\src\\stores\\taskStore.ts": {"path":"C:\\Users\\eligr\\Todo-Task-Manager-Challenge\\src\\stores\\taskStore.ts","statementMap":{"0":{"start":{"line":15,"column":13},"end":{"line":51,"column":null}},"1":{"start":{"line":17,"column":19},"end":{"line":47,"column":null}},"2":{"start":{"line":20,"column":27},"end":{"line":20,"column":41}},"3":{"start":{"line":23,"column":8},"end":{"line":25,"column":11}},"4":{"start":{"line":23,"column":24},"end":{"line":24,"column":null}},"5":{"start":{"line":28,"column":8},"end":{"line":30,"column":11}},"6":{"start":{"line":28,"column":24},"end":{"line":29,"column":null}},"7":{"start":{"line":29,"column":44},"end":{"line":29,"column":93}},"8":{"start":{"line":33,"column":8},"end":{"line":35,"column":11}},"9":{"start":{"line":33,"column":24},"end":{"line":34,"column":null}},"10":{"start":{"line":34,"column":46},"end":{"line":34,"column":61}},"11":{"start":{"line":38,"column":8},"end":{"line":42,"column":11}},"12":{"start":{"line":38,"column":24},"end":{"line":41,"column":null}},"13":{"start":{"line":40,"column":12},"end":{"line":40,"column":null}},"14":{"start":{"line":45,"column":8},"end":{"line":45,"column":null}},"15":{"start":{"line":45,"column":44},"end":{"line":45,"column":67}}},"fnMap":{"0":{"name":"(anonymous_0)","decl":{"start":{"line":16,"column":2},"end":{"line":16,"column":null}},"loc":{"start":{"line":17,"column":19},"end":{"line":47,"column":null}},"line":17},"1":{"name":"(anonymous_1)","decl":{"start":{"line":20,"column":6},"end":{"line":20,"column":17}},"loc":{"start":{"line":20,"column":27},"end":{"line":20,"column":41}},"line":20},"2":{"name":"(anonymous_2)","decl":{"start":{"line":22,"column":6},"end":{"line":22,"column":16}},"loc":{"start":{"line":23,"column":8},"end":{"line":25,"column":11}},"line":23},"3":{"name":"(anonymous_3)","decl":{"start":{"line":23,"column":8},"end":{"line":23,"column":13}},"loc":{"start":{"line":23,"column":24},"end":{"line":24,"column":null}},"line":23},"4":{"name":"(anonymous_4)","decl":{"start":{"line":27,"column":6},"end":{"line":27,"column":19}},"loc":{"start":{"line":28,"column":8},"end":{"line":30,"column":11}},"line":28},"5":{"name":"(anonymous_5)","decl":{"start":{"line":28,"column":8},"end":{"line":28,"column":13}},"loc":{"start":{"line":28,"column":24},"end":{"line":29,"column":null}},"line":28},"6":{"name":"(anonymous_6)","decl":{"start":{"line":29,"column":29},"end":{"line":29,"column":34}},"loc":{"start":{"line":29,"column":44},"end":{"line":29,"column":93}},"line":29},"7":{"name":"(anonymous_7)","decl":{"start":{"line":32,"column":6},"end":{"line":32,"column":19}},"loc":{"start":{"line":33,"column":8},"end":{"line":35,"column":11}},"line":33},"8":{"name":"(anonymous_8)","decl":{"start":{"line":33,"column":8},"end":{"line":33,"column":13}},"loc":{"start":{"line":33,"column":24},"end":{"line":34,"column":null}},"line":33},"9":{"name":"(anonymous_9)","decl":{"start":{"line":34,"column":29},"end":{"line":34,"column":37}},"loc":{"start":{"line":34,"column":46},"end":{"line":34,"column":61}},"line":34},"10":{"name":"(anonymous_10)","decl":{"start":{"line":37,"column":6},"end":{"line":37,"column":17}},"loc":{"start":{"line":38,"column":8},"end":{"line":42,"column":11}},"line":38},"11":{"name":"(anonymous_11)","decl":{"start":{"line":38,"column":8},"end":{"line":38,"column":13}},"loc":{"start":{"line":38,"column":24},"end":{"line":41,"column":null}},"line":38},"12":{"name":"(anonymous_12)","decl":{"start":{"line":39,"column":29},"end":{"line":39,"column":34}},"loc":{"start":{"line":40,"column":12},"end":{"line":40,"column":null}},"line":40},"13":{"name":"(anonymous_13)","decl":{"start":{"line":44,"column":6},"end":{"line":44,"column":25}},"loc":{"start":{"line":44,"column":36},"end":{"line":45,"column":null}},"line":44},"14":{"name":"(anonymous_14)","decl":{"start":{"line":45,"column":27},"end":{"line":45,"column":35}},"loc":{"start":{"line":45,"column":44},"end":{"line":45,"column":67}},"line":45}},"branchMap":{"0":{"loc":{"start":{"line":29,"column":44},"end":{"line":29,"column":93}},"type":"cond-expr","locations":[{"start":{"line":29,"column":61},"end":{"line":29,"column":87}},{"start":{"line":29,"column":87},"end":{"line":29,"column":93}}],"line":29},"1":{"loc":{"start":{"line":40,"column":12},"end":{"line":40,"column":null}},"type":"cond-expr","locations":[{"start":{"line":40,"column":29},"end":{"line":40,"column":62}},{"start":{"line":40,"column":62},"end":{"line":40,"column":null}}],"line":40}},"s":{"0":1,"1":1,"2":48,"3":4,"4":4,"5":5,"6":5,"7":10,"8":5,"9":5,"10":9,"11":7,"12":7,"13":14,"14":7,"15":31},"f":{"0":1,"1":48,"2":4,"3":4,"4":5,"5":5,"6":10,"7":5,"8":5,"9":9,"10":7,"11":7,"12":14,"13":7,"14":31},"b":{"0":[4,6],"1":[6,8]},"meta":{"lastBranch":2,"lastFunction":15,"lastStatement":16,"seen":{"s:15:13:51:Infinity":0,"f:16:2:16:Infinity":0,"s:17:19:47:Infinity":1,"f:20:6:20:17":1,"s:20:27:20:41":2,"f:22:6:22:16":2,"s:23:8:25:11":3,"f:23:8:23:13":3,"s:23:24:24:Infinity":4,"f:27:6:27:19":4,"s:28:8:30:11":5,"f:28:8:28:13":5,"s:28:24:29:Infinity":6,"f:29:29:29:34":6,"s:29:44:29:93":7,"b:29:61:29:87:29:87:29:93":0,"f:32:6:32:19":7,"s:33:8:35:11":8,"f:33:8:33:13":8,"s:33:24:34:Infinity":9,"f:34:29:34:37":9,"s:34:46:34:61":10,"f:37:6:37:17":10,"s:38:8:42:11":11,"f:38:8:38:13":11,"s:38:24:41:Infinity":12,"f:39:29:39:34":12,"s:40:12:40:Infinity":13,"b:40:29:40:62:40:62:40:Infinity":1,"f:44:6:44:25":13,"s:45:8:45:Infinity":14,"f:45:27:45:35":14,"s:45:44:45:67":15}}}
}
